<?xml version="1.0" encoding="UTF-8"?>
<testng-results skipped="0" failed="0" ignored="0" total="1" passed="1">
  <reporter-output>
  </reporter-output>
  <suite name="Default suite" duration-ms="8267" started-at="2019-03-14T20:15:07Z" finished-at="2019-03-14T20:15:15Z">
    <groups>
    </groups>
    <test name="Default test" duration-ms="8267" started-at="2019-03-14T20:15:07Z" finished-at="2019-03-14T20:15:15Z">
      <class name="MavenPackageTest.MyMVNTestNGEx">
        <test-method status="PASS" signature="f()[pri:0, instance:MavenPackageTest.MyMVNTestNGEx@675d3402]" name="f" duration-ms="8226" started-at="2019-03-14T20:15:07Z" finished-at="2019-03-14T20:15:15Z">
          <reporter-output>
          </reporter-output>
        </test-method> <!-- f -->
      </class> <!-- MavenPackageTest.MyMVNTestNGEx -->
    </test> <!-- Default test -->
  </suite> <!-- Default suite -->
</testng-results>
